<?xml version="1.0" encoding="UTF-8"?>
<!-- Generated by org.testng.reporters.JUnitReportReporter -->
<testsuite hostname="Saavi" failures="0" tests="3" name="Test_Demo.Test_1" time="1.248" errors="0" timestamp="2022-12-31T08:29:22 IST" skipped="0">
  <testcase classname="Test_Demo.Test_1" name="test3" time="0.044"/>
  <system-out/>
  <testcase classname="Test_Demo.Test_1" name="test2" time="0.057"/>
  <system-out/>
  <testcase classname="Test_Demo.Test_1" name="test1" time="1.147"/>
  <system-out/>
</testsuite> <!-- Test_Demo.Test_1 -->
