<?xml version="1.0" encoding="UTF-8"?>
<!-- Generated by org.testng.reporters.JUnitReportReporter -->
<testsuite hostname="Saavi" failures="0" tests="3" name="Test_Demo.Test_2" time="0.005" errors="0" timestamp="2023-01-05T21:28:01 IST" skipped="0">
  <testcase classname="Test_Demo.Test_2" name="test1" time="0.002"/>
  <system-out/>
  <testcase classname="Test_Demo.Test_2" name="test3" time="0.001"/>
  <system-out/>
  <testcase classname="Test_Demo.Test_2" name="test2" time="0.002"/>
  <system-out/>
</testsuite> <!-- Test_Demo.Test_2 -->
