<?xml version="1.0" encoding="UTF-8"?>
<!-- Generated by org.testng.reporters.JUnitReportReporter -->
<testsuite hostname="Saavi" failures="0" tests="3" name="Test_Demo.Test_5" time="0.012" errors="0" timestamp="2023-01-05T20:59:23 IST" skipped="0">
  <testcase classname="Test_Demo.Test_5" name="test4" time="0.001"/>
  <system-out/>
  <testcase classname="Test_Demo.Test_5" name="test3" time="0.001"/>
  <system-out/>
  <testcase classname="Test_Demo.Test_5" name="test1" time="0.010"/>
  <system-out/>
</testsuite> <!-- Test_Demo.Test_5 -->
