<?xml version="1.0" encoding="UTF-8"?>
<!-- Generated by org.testng.reporters.JUnitReportReporter -->
<testsuite hostname="Saavi" failures="0" tests="2" name="CrossBrowserTesting.TestLogin1" time="10.212" errors="0" timestamp="2023-01-05T20:13:54 IST" skipped="0">
  <testcase classname="CrossBrowserTesting.TestLogin1" name="verifyLoginvalid" time="6.222"/>
  <system-out/>
  <testcase classname="CrossBrowserTesting.TestLogin1" name="verifyLoginInvalid" time="3.990"/>
  <system-out/>
</testsuite> <!-- CrossBrowserTesting.TestLogin1 -->
