<?xml version="1.0" encoding="UTF-8"?>
<!-- Generated by org.testng.reporters.JUnitReportReporter -->
<testsuite hostname="Saavi" failures="0" tests="2" name="Test_Demo.Test_3" time="3.887" errors="0" timestamp="2023-01-05T21:28:01 IST" skipped="1">
  <testcase classname="Test_Demo.Test_3" name="testx" time="3.887"/>
  <system-out/>
  <testcase classname="Test_Demo.Test_3" name="testb">
    <skipped/>
  </testcase> <!-- testb -->
  <system-out/>
</testsuite> <!-- Test_Demo.Test_3 -->
